#
# There is insufficient memory for the Java Runtime Environment to continue.
# Native memory allocation (malloc) failed to allocate 1221456 bytes for Chunk::new
# Possible reasons:
#   The system is out of physical RAM or swap space
#   The process is running with CompressedOops enabled, and the Java Heap may be blocking the growth of the native heap
# Possible solutions:
#   Reduce memory load on the system
#   Increase physical memory or swap space
#   Check if swap backing store is full
#   Decrease Java heap size (-Xmx/-Xms)
#   Decrease number of Java threads
#   Decrease Java thread stack sizes (-Xss)
#   Set larger code cache with -XX:ReservedCodeCacheSize=
#   JVM is running with Unscaled Compressed Oops mode in which the Java heap is
#     placed in the first 4GB address space. The Java Heap base address is the
#     maximum limit for the native heap growth. Please use -XX:HeapBaseMinAddress
#     to set the Java Heap base and to place the Java Heap above 4GB virtual address.
# This output file may be truncated or incomplete.
#
#  Out of Memory Error (arena.cpp:191), pid=10248, tid=7264
#
# JRE version: OpenJDK Runtime Environment Microsoft-8902769 (17.0.10+7) (build 17.0.10+7-LTS)
# Java VM: OpenJDK 64-Bit Server VM Microsoft-8902769 (17.0.10+7-LTS, mixed mode, sharing, tiered, compressed oops, compressed class ptrs, g1 gc, windows-amd64)
# No core dump will be written. Minidumps are not enabled by default on client versions of Windows
#

---------------  S U M M A R Y ------------

Command Line: -XX:MaxMetaspaceSize=512m --add-opens=java.base/java.util=ALL-UNNAMED --add-opens=java.base/java.lang=ALL-UNNAMED --add-opens=java.base/java.lang.invoke=ALL-UNNAMED --add-opens=java.prefs/java.util.prefs=ALL-UNNAMED --add-opens=java.base/java.nio.charset=ALL-UNNAMED --add-opens=java.base/java.net=ALL-UNNAMED --add-opens=java.base/java.util.concurrent.atomic=ALL-UNNAMED -Xmx2048m -Dfile.encoding=windows-1252 -Duser.country=US -Duser.language=en -Duser.variant -javaagent:C:\Users\TONG VIET TAI\.gradle\wrapper\dists\gradle-8.3-all\6en3ugtfdg5xnpx44z4qbwgas\gradle-8.3\lib\agents\gradle-instrumentation-agent-8.3.jar org.gradle.launcher.daemon.bootstrap.GradleDaemon 8.3

Host: AMD Ryzen 7 3750H with Radeon Vega Mobile Gfx  , 8 cores, 7G,  Windows 11 , 64 bit Build 22621 (10.0.22621.3235)
Time: Tue Apr  9 14:51:16 2024 SE Asia Standard Time elapsed time: 15.098186 seconds (0d 0h 0m 15s)

---------------  T H R E A D  ---------------

Current thread (0x000001c7a8f2aa60):  JavaThread "C2 CompilerThread0" daemon [_thread_in_native, id=7264, stack(0x0000004b34c00000,0x0000004b34d00000)]


Current CompileTask:
C2:  15098 3994       4       org.codehaus.groovy.reflection.CachedMethod::compareToCachedMethod (160 bytes)

Stack: [0x0000004b34c00000,0x0000004b34d00000]
Native frames: (J=compiled Java code, j=interpreted, Vv=VM code, C=native code)
V  [jvm.dll+0x67f829]
V  [jvm.dll+0x83750a]
V  [jvm.dll+0x838fce]
V  [jvm.dll+0x839633]
V  [jvm.dll+0x247cbf]
V  [jvm.dll+0xac524]
V  [jvm.dll+0xacb6c]
V  [jvm.dll+0x368ca2]
V  [jvm.dll+0x33311a]
V  [jvm.dll+0x3325ba]
V  [jvm.dll+0x21a401]
V  [jvm.dll+0x219821]
V  [jvm.dll+0x1a5176]
V  [jvm.dll+0x22957e]
V  [jvm.dll+0x22774c]
V  [jvm.dll+0x7ec5d7]
V  [jvm.dll+0x7e69da]
V  [jvm.dll+0x67e715]
C  [ucrtbase.dll+0x29363]
C  [KERNEL32.DLL+0x1257d]
C  [ntdll.dll+0x5aa58]


---------------  P R O C E S S  ---------------

Threads class SMR info:
_java_thread_list=0x000001c7ca2df290, length=37, elements={
0x000001c78aab9010, 0x000001c7a8f071c0, 0x000001c7a8f08040, 0x000001c7a8f20a50,
0x000001c7a8f22590, 0x000001c7a8f25d20, 0x000001c7a8f265f0, 0x000001c7a8f2aa60,
0x000001c7a8f2f4d0, 0x000001c7a8f6b320, 0x000001c7a8ef14d0, 0x000001c7c8317100,
0x000001c7c943cc20, 0x000001c7c9516710, 0x000001c7c967b310, 0x000001c7c9901590,
0x000001c7c9901a70, 0x000001c7c9a62960, 0x000001c7c9a61f40, 0x000001c7c9a61a30,
0x000001c7c9a62450, 0x000001c7c9a63380, 0x000001c7c9a63890, 0x000001c7c9a647c0,
0x000001c7c9a62e70, 0x000001c7c9a63da0, 0x000001c7c9a64cd0, 0x000001c7c9a651e0,
0x000001c7ca753020, 0x000001c7ca7507a0, 0x000001c7ca74f360, 0x000001c7ca753530,
0x000001c7ca752600, 0x000001c7ca74fd80, 0x000001c7ca753f50, 0x000001c7ca754460,
0x000001c7ca7562c0
}

Java Threads: ( => current thread )
  0x000001c78aab9010 JavaThread "main" [_thread_blocked, id=11632, stack(0x0000004b33f00000,0x0000004b34000000)]
  0x000001c7a8f071c0 JavaThread "Reference Handler" daemon [_thread_blocked, id=17584, stack(0x0000004b34600000,0x0000004b34700000)]
  0x000001c7a8f08040 JavaThread "Finalizer" daemon [_thread_blocked, id=13412, stack(0x0000004b34700000,0x0000004b34800000)]
  0x000001c7a8f20a50 JavaThread "Signal Dispatcher" daemon [_thread_blocked, id=5488, stack(0x0000004b34800000,0x0000004b34900000)]
  0x000001c7a8f22590 JavaThread "Attach Listener" daemon [_thread_blocked, id=23600, stack(0x0000004b34900000,0x0000004b34a00000)]
  0x000001c7a8f25d20 JavaThread "Service Thread" daemon [_thread_blocked, id=2684, stack(0x0000004b34a00000,0x0000004b34b00000)]
  0x000001c7a8f265f0 JavaThread "Monitor Deflation Thread" daemon [_thread_blocked, id=26004, stack(0x0000004b34b00000,0x0000004b34c00000)]
=>0x000001c7a8f2aa60 JavaThread "C2 CompilerThread0" daemon [_thread_in_native, id=7264, stack(0x0000004b34c00000,0x0000004b34d00000)]
  0x000001c7a8f2f4d0 JavaThread "C1 CompilerThread0" daemon [_thread_blocked, id=3080, stack(0x0000004b34d00000,0x0000004b34e00000)]
  0x000001c7a8f6b320 JavaThread "Sweeper thread" daemon [_thread_blocked, id=5008, stack(0x0000004b34e00000,0x0000004b34f00000)]
  0x000001c7a8ef14d0 JavaThread "Common-Cleaner" daemon [_thread_blocked, id=25168, stack(0x0000004b34f00000,0x0000004b35000000)]
  0x000001c7c8317100 JavaThread "Notification Thread" daemon [_thread_blocked, id=26548, stack(0x0000004b35000000,0x0000004b35100000)]
  0x000001c7c943cc20 JavaThread "Daemon health stats" [_thread_blocked, id=14628, stack(0x0000004b35600000,0x0000004b35700000)]
  0x000001c7c9516710 JavaThread "Incoming local TCP Connector on port 50218" [_thread_in_native, id=21772, stack(0x0000004b35700000,0x0000004b35800000)]
  0x000001c7c967b310 JavaThread "Daemon periodic checks" [_thread_blocked, id=12824, stack(0x0000004b35800000,0x0000004b35900000)]
  0x000001c7c9901590 JavaThread "Daemon" [_thread_blocked, id=312, stack(0x0000004b35900000,0x0000004b35a00000)]
  0x000001c7c9901a70 JavaThread "Handler for socket connection from /127.0.0.1:50218 to /127.0.0.1:50219" [_thread_in_native, id=20436, stack(0x0000004b35a00000,0x0000004b35b00000)]
  0x000001c7c9a62960 JavaThread "Cancel handler" [_thread_blocked, id=15112, stack(0x0000004b35b00000,0x0000004b35c00000)]
  0x000001c7c9a61f40 JavaThread "Daemon worker" [_thread_in_Java, id=7672, stack(0x0000004b35c00000,0x0000004b35d00000)]
  0x000001c7c9a61a30 JavaThread "Asynchronous log dispatcher for DefaultDaemonConnection: socket connection from /127.0.0.1:50218 to /127.0.0.1:50219" [_thread_blocked, id=23684, stack(0x0000004b35d00000,0x0000004b35e00000)]
  0x000001c7c9a62450 JavaThread "Stdin handler" [_thread_blocked, id=23012, stack(0x0000004b35e00000,0x0000004b35f00000)]
  0x000001c7c9a63380 JavaThread "Daemon client event forwarder" [_thread_blocked, id=27100, stack(0x0000004b35f00000,0x0000004b36000000)]
  0x000001c7c9a63890 JavaThread "Cache worker for journal cache (C:\Users\TONG VIET TAI\.gradle\caches\journal-1)" [_thread_blocked, id=10116, stack(0x0000004b36000000,0x0000004b36100000)]
  0x000001c7c9a647c0 JavaThread "File lock request listener" [_thread_in_native, id=18704, stack(0x0000004b36100000,0x0000004b36200000)]
  0x000001c7c9a62e70 JavaThread "Cache worker for file hash cache (C:\Users\TONG VIET TAI\.gradle\caches\8.3\fileHashes)" [_thread_blocked, id=24320, stack(0x0000004b36500000,0x0000004b36600000)]
  0x000001c7c9a63da0 JavaThread "File watcher server" daemon [_thread_in_native, id=16136, stack(0x0000004b36600000,0x0000004b36700000)]
  0x000001c7c9a64cd0 JavaThread "File watcher consumer" daemon [_thread_blocked, id=18744, stack(0x0000004b36700000,0x0000004b36800000)]
  0x000001c7c9a651e0 JavaThread "Cache worker for checksums cache (D:\react\text1\android\.gradle\8.3\checksums)" [_thread_blocked, id=10592, stack(0x0000004b36800000,0x0000004b36900000)]
  0x000001c7ca753020 JavaThread "Cache worker for file hash cache (D:\react\text1\android\.gradle\8.3\fileHashes)" [_thread_blocked, id=26404, stack(0x0000004b36900000,0x0000004b36a00000)]
  0x000001c7ca7507a0 JavaThread "Cache worker for cache directory md-supplier (C:\Users\TONG VIET TAI\.gradle\caches\8.3\md-supplier)" [_thread_blocked, id=24988, stack(0x0000004b36a00000,0x0000004b36b00000)]
  0x000001c7ca74f360 JavaThread "Cache worker for file content cache (C:\Users\TONG VIET TAI\.gradle\caches\8.3\fileContent)" [_thread_blocked, id=24452, stack(0x0000004b36b00000,0x0000004b36c00000)]
  0x000001c7ca753530 JavaThread "Cache worker for cache directory md-rule (C:\Users\TONG VIET TAI\.gradle\caches\8.3\md-rule)" [_thread_blocked, id=25824, stack(0x0000004b36d00000,0x0000004b36e00000)]
  0x000001c7ca752600 JavaThread "Cache worker for execution history cache (C:\Users\TONG VIET TAI\.gradle\caches\8.3\executionHistory)" [_thread_blocked, id=22828, stack(0x0000004b36e00000,0x0000004b36f00000)]
  0x000001c7ca74fd80 JavaThread "jar transforms" [_thread_blocked, id=17336, stack(0x0000004b36f00000,0x0000004b37000000)]
  0x000001c7ca753f50 JavaThread "jar transforms Thread 2" [_thread_blocked, id=19528, stack(0x0000004b37000000,0x0000004b37100000)]
  0x000001c7ca754460 JavaThread "jar transforms Thread 3" [_thread_blocked, id=6956, stack(0x0000004b37100000,0x0000004b37200000)]
  0x000001c7ca7562c0 JavaThread "jar transforms Thread 4" [_thread_blocked, id=13960, stack(0x0000004b37200000,0x0000004b37300000)]

Other Threads:
  0x000001c7a8f00250 VMThread "VM Thread" [stack: 0x0000004b34500000,0x0000004b34600000] [id=17888]
  0x000001c7c83175e0 WatcherThread [stack: 0x0000004b35100000,0x0000004b35200000] [id=22668]
  0x000001c78895e7e0 GCTaskThread "GC Thread#0" [stack: 0x0000004b34000000,0x0000004b34100000] [id=13216]
  0x000001c7c8bf0170 GCTaskThread "GC Thread#1" [stack: 0x0000004b35200000,0x0000004b35300000] [id=11740]
  0x000001c7c8aa4ca0 GCTaskThread "GC Thread#2" [stack: 0x0000004b35300000,0x0000004b35400000] [id=20360]
  0x000001c7c8ab3c10 GCTaskThread "GC Thread#3" [stack: 0x0000004b35400000,0x0000004b35500000] [id=22852]
  0x000001c7c8c14e80 GCTaskThread "GC Thread#4" [stack: 0x0000004b35500000,0x0000004b35600000] [id=4948]
  0x000001c7ca00ce40 GCTaskThread "GC Thread#5" [stack: 0x0000004b36200000,0x0000004b36300000] [id=14580]
  0x000001c7ca8eca30 GCTaskThread "GC Thread#6" [stack: 0x0000004b36300000,0x0000004b36400000] [id=20592]
  0x000001c7ca8eccf0 GCTaskThread "GC Thread#7" [stack: 0x0000004b36400000,0x0000004b36500000] [id=8056]
  0x000001c78ab21b50 ConcurrentGCThread "G1 Main Marker" [stack: 0x0000004b34100000,0x0000004b34200000] [id=24564]
  0x000001c78ab22480 ConcurrentGCThread "G1 Conc#0" [stack: 0x0000004b34200000,0x0000004b34300000] [id=22652]
  0x000001c7ca60c480 ConcurrentGCThread "G1 Conc#1" [stack: 0x0000004b36c00000,0x0000004b36d00000] [id=12268]
  0x000001c7a8dbc110 ConcurrentGCThread "G1 Refine#0" [stack: 0x0000004b34300000,0x0000004b34400000] [id=12056]
  0x000001c7a8dbcb40 ConcurrentGCThread "G1 Service" [stack: 0x0000004b34400000,0x0000004b34500000] [id=14756]

Threads with active compile tasks:
C2 CompilerThread0    15160 3994       4       org.codehaus.groovy.reflection.CachedMethod::compareToCachedMethod (160 bytes)

VM state: not at safepoint (normal execution)

VM Mutex/Monitor currently owned by a thread: None

Heap address: 0x0000000080000000, size: 2048 MB, Compressed Oops mode: 32-bit

CDS archive(s) mapped at: [0x000001c7a9000000-0x000001c7a9bb0000-0x000001c7a9bb0000), size 12255232, SharedBaseAddress: 0x000001c7a9000000, ArchiveRelocationMode: 1.
Compressed class space mapped at: 0x000001c7aa000000-0x000001c7c4000000, reserved size: 436207616
Narrow klass base: 0x000001c7a9000000, Narrow klass shift: 0, Narrow klass range: 0x100000000

GC Precious Log:
 CPUs: 8 total, 8 available
 Memory: 7616M
 Large Page Support: Disabled
 NUMA Support: Disabled
 Compressed Oops: Enabled (32-bit)
 Heap Region Size: 1M
 Heap Min Capacity: 8M
 Heap Initial Capacity: 120M
 Heap Max Capacity: 2G
 Pre-touch: Disabled
 Parallel Workers: 8
 Concurrent Workers: 2
 Concurrent Refinement Workers: 8
 Periodic GC: Disabled

Heap:
 garbage-first heap   total 86016K, used 49530K [0x0000000080000000, 0x0000000100000000)
  region size 1024K, 24 young (24576K), 4 survivors (4096K)
 Metaspace       used 33449K, committed 33856K, reserved 491520K
  class space    used 4624K, committed 4800K, reserved 425984K

Heap Regions: E=young(eden), S=young(survivor), O=old, HS=humongous(starts), HC=humongous(continues), CS=collection set, F=free, OA=open archive, CA=closed archive, TAMS=top-at-mark-start (previous, next)
|   0|0x0000000080000000, 0x0000000080100000, 0x0000000080100000|100%|HS|  |TAMS 0x0000000080100000, 0x0000000080000000| Complete 
|   1|0x0000000080100000, 0x0000000080200000, 0x0000000080200000|100%|HC|  |TAMS 0x0000000080200000, 0x0000000080100000| Complete 
|   2|0x0000000080200000, 0x0000000080300000, 0x0000000080300000|100%|HC|  |TAMS 0x0000000080300000, 0x0000000080200000| Complete 
|   3|0x0000000080300000, 0x0000000080400000, 0x0000000080400000|100%|HC|  |TAMS 0x0000000080400000, 0x0000000080300000| Complete 
|   4|0x0000000080400000, 0x0000000080500000, 0x0000000080500000|100%| O|  |TAMS 0x0000000080500000, 0x0000000080400000| Untracked 
|   5|0x0000000080500000, 0x0000000080600000, 0x0000000080600000|100%| O|  |TAMS 0x0000000080600000, 0x0000000080500000| Untracked 
|   6|0x0000000080600000, 0x0000000080700000, 0x0000000080700000|100%| O|  |TAMS 0x0000000080700000, 0x0000000080600000| Untracked 
|   7|0x0000000080700000, 0x0000000080800000, 0x0000000080800000|100%| O|  |TAMS 0x0000000080800000, 0x0000000080700000| Untracked 
|   8|0x0000000080800000, 0x0000000080900000, 0x0000000080900000|100%| O|  |TAMS 0x0000000080900000, 0x0000000080800000| Untracked 
|   9|0x0000000080900000, 0x0000000080a00000, 0x0000000080a00000|100%| O|  |TAMS 0x0000000080a00000, 0x0000000080900000| Untracked 
|  10|0x0000000080a00000, 0x0000000080b00000, 0x0000000080b00000|100%| O|  |TAMS 0x0000000080afaa00, 0x0000000080a00000| Untracked 
|  11|0x0000000080b00000, 0x0000000080c00000, 0x0000000080c00000|100%| O|  |TAMS 0x0000000080b00000, 0x0000000080b00000| Untracked 
|  12|0x0000000080c00000, 0x0000000080d00000, 0x0000000080d00000|100%| O|  |TAMS 0x0000000080c00000, 0x0000000080c00000| Untracked 
|  13|0x0000000080d00000, 0x0000000080e00000, 0x0000000080e00000|100%| O|  |TAMS 0x0000000080d00000, 0x0000000080d00000| Untracked 
|  14|0x0000000080e00000, 0x0000000080f00000, 0x0000000080f00000|100%| O|  |TAMS 0x0000000080e00000, 0x0000000080e00000| Untracked 
|  15|0x0000000080f00000, 0x0000000081000000, 0x0000000081000000|100%| O|  |TAMS 0x0000000080f00000, 0x0000000080f00000| Untracked 
|  16|0x0000000081000000, 0x0000000081100000, 0x0000000081100000|100%| O|  |TAMS 0x0000000081000000, 0x0000000081000000| Untracked 
|  17|0x0000000081100000, 0x0000000081200000, 0x0000000081200000|100%| O|  |TAMS 0x0000000081100000, 0x0000000081100000| Untracked 
|  18|0x0000000081200000, 0x0000000081300000, 0x0000000081300000|100%| O|  |TAMS 0x0000000081200000, 0x0000000081200000| Untracked 
|  19|0x0000000081300000, 0x00000000813e3800, 0x0000000081400000| 88%| O|  |TAMS 0x0000000081300000, 0x0000000081300000| Untracked 
|  20|0x0000000081400000, 0x0000000081400000, 0x0000000081500000|  0%| F|  |TAMS 0x0000000081400000, 0x0000000081400000| Untracked 
|  21|0x0000000081500000, 0x0000000081500000, 0x0000000081600000|  0%| F|  |TAMS 0x0000000081500000, 0x0000000081500000| Untracked 
|  22|0x0000000081600000, 0x0000000081600000, 0x0000000081700000|  0%| F|  |TAMS 0x0000000081600000, 0x0000000081600000| Untracked 
|  23|0x0000000081700000, 0x0000000081700000, 0x0000000081800000|  0%| F|  |TAMS 0x0000000081700000, 0x0000000081700000| Untracked 
|  24|0x0000000081800000, 0x0000000081800000, 0x0000000081900000|  0%| F|  |TAMS 0x0000000081800000, 0x0000000081800000| Untracked 
|  25|0x0000000081900000, 0x0000000081a00000, 0x0000000081a00000|100%| O|  |TAMS 0x0000000081900000, 0x0000000081900000| Untracked 
|  26|0x0000000081a00000, 0x0000000081b00000, 0x0000000081b00000|100%| O|  |TAMS 0x0000000081a00000, 0x0000000081a00000| Untracked 
|  27|0x0000000081b00000, 0x0000000081b00000, 0x0000000081c00000|  0%| F|  |TAMS 0x0000000081b00000, 0x0000000081b00000| Untracked 
|  28|0x0000000081c00000, 0x0000000081c00000, 0x0000000081d00000|  0%| F|  |TAMS 0x0000000081c00000, 0x0000000081c00000| Untracked 
|  29|0x0000000081d00000, 0x0000000081d00000, 0x0000000081e00000|  0%| F|  |TAMS 0x0000000081d00000, 0x0000000081d00000| Untracked 
|  30|0x0000000081e00000, 0x0000000081e00000, 0x0000000081f00000|  0%| F|  |TAMS 0x0000000081e00000, 0x0000000081e00000| Untracked 
|  31|0x0000000081f00000, 0x0000000081f00000, 0x0000000082000000|  0%| F|  |TAMS 0x0000000081f00000, 0x0000000081f00000| Untracked 
|  32|0x0000000082000000, 0x0000000082000000, 0x0000000082100000|  0%| F|  |TAMS 0x0000000082000000, 0x0000000082000000| Untracked 
|  33|0x0000000082100000, 0x0000000082100000, 0x0000000082200000|  0%| F|  |TAMS 0x0000000082100000, 0x0000000082100000| Untracked 
|  34|0x0000000082200000, 0x0000000082300000, 0x0000000082300000|100%| O|  |TAMS 0x0000000082200000, 0x0000000082200000| Untracked 
|  35|0x0000000082300000, 0x0000000082400000, 0x0000000082400000|100%| O|  |TAMS 0x0000000082300000, 0x0000000082300000| Untracked 
|  36|0x0000000082400000, 0x0000000082500000, 0x0000000082500000|100%| O|  |TAMS 0x0000000082400000, 0x0000000082400000| Untracked 
|  37|0x0000000082500000, 0x00000000825f8c00, 0x0000000082600000| 97%| O|  |TAMS 0x0000000082500000, 0x0000000082500000| Untracked 
|  38|0x0000000082600000, 0x0000000082600000, 0x0000000082700000|  0%| F|  |TAMS 0x0000000082600000, 0x0000000082600000| Untracked 
|  39|0x0000000082700000, 0x0000000082700000, 0x0000000082800000|  0%| F|  |TAMS 0x0000000082700000, 0x0000000082700000| Untracked 
|  40|0x0000000082800000, 0x0000000082800000, 0x0000000082900000|  0%| F|  |TAMS 0x0000000082800000, 0x0000000082800000| Untracked 
|  41|0x0000000082900000, 0x0000000082900000, 0x0000000082a00000|  0%| F|  |TAMS 0x0000000082900000, 0x0000000082900000| Untracked 
|  42|0x0000000082a00000, 0x0000000082a00000, 0x0000000082b00000|  0%| F|  |TAMS 0x0000000082a00000, 0x0000000082a00000| Untracked 
|  43|0x0000000082b00000, 0x0000000082b00000, 0x0000000082c00000|  0%| F|  |TAMS 0x0000000082b00000, 0x0000000082b00000| Untracked 
|  44|0x0000000082c00000, 0x0000000082c82620, 0x0000000082d00000| 50%| S|CS|TAMS 0x0000000082c00000, 0x0000000082c00000| Complete 
|  45|0x0000000082d00000, 0x0000000082e00000, 0x0000000082e00000|100%| S|CS|TAMS 0x0000000082d00000, 0x0000000082d00000| Complete 
|  46|0x0000000082e00000, 0x0000000082f00000, 0x0000000082f00000|100%| S|CS|TAMS 0x0000000082e00000, 0x0000000082e00000| Complete 
|  47|0x0000000082f00000, 0x0000000083000000, 0x0000000083000000|100%| S|CS|TAMS 0x0000000082f00000, 0x0000000082f00000| Complete 
|  48|0x0000000083000000, 0x0000000083000000, 0x0000000083100000|  0%| F|  |TAMS 0x0000000083000000, 0x0000000083000000| Untracked 
|  49|0x0000000083100000, 0x0000000083100000, 0x0000000083200000|  0%| F|  |TAMS 0x0000000083100000, 0x0000000083100000| Untracked 
|  50|0x0000000083200000, 0x0000000083200000, 0x0000000083300000|  0%| F|  |TAMS 0x0000000083200000, 0x0000000083200000| Untracked 
|  51|0x0000000083300000, 0x0000000083300000, 0x0000000083400000|  0%| F|  |TAMS 0x0000000083300000, 0x0000000083300000| Untracked 
|  52|0x0000000083400000, 0x0000000083400000, 0x0000000083500000|  0%| F|  |TAMS 0x0000000083400000, 0x0000000083400000| Untracked 
|  53|0x0000000083500000, 0x0000000083500000, 0x0000000083600000|  0%| F|  |TAMS 0x0000000083500000, 0x0000000083500000| Untracked 
|  54|0x0000000083600000, 0x0000000083600000, 0x0000000083700000|  0%| F|  |TAMS 0x0000000083600000, 0x0000000083600000| Untracked 
|  55|0x0000000083700000, 0x0000000083700000, 0x0000000083800000|  0%| F|  |TAMS 0x0000000083700000, 0x0000000083700000| Untracked 
|  56|0x0000000083800000, 0x0000000083800000, 0x0000000083900000|  0%| F|  |TAMS 0x0000000083800000, 0x0000000083800000| Untracked 
|  57|0x0000000083900000, 0x0000000083900000, 0x0000000083a00000|  0%| F|  |TAMS 0x0000000083900000, 0x0000000083900000| Untracked 
|  58|0x0000000083a00000, 0x0000000083a00000, 0x0000000083b00000|  0%| F|  |TAMS 0x0000000083a00000, 0x0000000083a00000| Untracked 
|  59|0x0000000083b00000, 0x0000000083b00000, 0x0000000083c00000|  0%| F|  |TAMS 0x0000000083b00000, 0x0000000083b00000| Untracked 
|  60|0x0000000083c00000, 0x0000000083c00000, 0x0000000083d00000|  0%| F|  |TAMS 0x0000000083c00000, 0x0000000083c00000| Untracked 
|  61|0x0000000083d00000, 0x0000000083d00000, 0x0000000083e00000|  0%| F|  |TAMS 0x0000000083d00000, 0x0000000083d00000| Untracked 
|  62|0x0000000083e00000, 0x0000000083e00000, 0x0000000083f00000|  0%| F|  |TAMS 0x0000000083e00000, 0x0000000083e00000| Untracked 
|  63|0x0000000083f00000, 0x0000000083f00000, 0x0000000084000000|  0%| F|  |TAMS 0x0000000083f00000, 0x0000000083f00000| Untracked 
|  64|0x0000000084000000, 0x0000000084100000, 0x0000000084100000|100%| E|  |TAMS 0x0000000084000000, 0x0000000084000000| Complete 
|  65|0x0000000084100000, 0x0000000084200000, 0x0000000084200000|100%| E|CS|TAMS 0x0000000084100000, 0x0000000084100000| Complete 
|  66|0x0000000084200000, 0x0000000084300000, 0x0000000084300000|100%| E|CS|TAMS 0x0000000084200000, 0x0000000084200000| Complete 
|  67|0x0000000084300000, 0x0000000084400000, 0x0000000084400000|100%| E|CS|TAMS 0x0000000084300000, 0x0000000084300000| Complete 
|  68|0x0000000084400000, 0x0000000084500000, 0x0000000084500000|100%| E|CS|TAMS 0x0000000084400000, 0x0000000084400000| Complete 
|  69|0x0000000084500000, 0x0000000084600000, 0x0000000084600000|100%| E|CS|TAMS 0x0000000084500000, 0x0000000084500000| Complete 
|  70|0x0000000084600000, 0x0000000084700000, 0x0000000084700000|100%| E|CS|TAMS 0x0000000084600000, 0x0000000084600000| Complete 
|  71|0x0000000084700000, 0x0000000084800000, 0x0000000084800000|100%| E|CS|TAMS 0x0000000084700000, 0x0000000084700000| Complete 
|  72|0x0000000084800000, 0x0000000084900000, 0x0000000084900000|100%| E|CS|TAMS 0x0000000084800000, 0x0000000084800000| Complete 
|  73|0x0000000084900000, 0x0000000084a00000, 0x0000000084a00000|100%| E|CS|TAMS 0x0000000084900000, 0x0000000084900000| Complete 
|  74|0x0000000084a00000, 0x0000000084b00000, 0x0000000084b00000|100%| E|CS|TAMS 0x0000000084a00000, 0x0000000084a00000| Complete 
|  75|0x0000000084b00000, 0x0000000084c00000, 0x0000000084c00000|100%| E|CS|TAMS 0x0000000084b00000, 0x0000000084b00000| Complete 
|  76|0x0000000084c00000, 0x0000000084d00000, 0x0000000084d00000|100%| E|CS|TAMS 0x0000000084c00000, 0x0000000084c00000| Complete 
|  77|0x0000000084d00000, 0x0000000084e00000, 0x0000000084e00000|100%| E|CS|TAMS 0x0000000084d00000, 0x0000000084d00000| Complete 
|  78|0x0000000084e00000, 0x0000000084f00000, 0x0000000084f00000|100%| E|CS|TAMS 0x0000000084e00000, 0x0000000084e00000| Complete 
|  79|0x0000000084f00000, 0x0000000085000000, 0x0000000085000000|100%| E|CS|TAMS 0x0000000084f00000, 0x0000000084f00000| Complete 
|  80|0x0000000085000000, 0x0000000085100000, 0x0000000085100000|100%| E|CS|TAMS 0x0000000085000000, 0x0000000085000000| Complete 
|  81|0x0000000085100000, 0x0000000085200000, 0x0000000085200000|100%| E|CS|TAMS 0x0000000085100000, 0x0000000085100000| Complete 
|  82|0x0000000085200000, 0x0000000085300000, 0x0000000085300000|100%| E|CS|TAMS 0x0000000085200000, 0x0000000085200000| Complete 
| 119|0x0000000087700000, 0x0000000087800000, 0x0000000087800000|100%| E|CS|TAMS 0x0000000087700000, 0x0000000087700000| Complete 

Card table byte_map: [0x000001c7a1cf0000,0x000001c7a20f0000] _byte_map_base: 0x000001c7a18f0000

Marking Bits (Prev, Next): (CMBitMap*) 0x000001c78ab11260, (CMBitMap*) 0x000001c78ab11220
 Prev Bits: [0x000001c7a44f0000, 0x000001c7a64f0000)
 Next Bits: [0x000001c7a24f0000, 0x000001c7a44f0000)

Polling page: 0x000001c788a70000

Metaspace:

Usage:
  Non-class:     28.16 MB used.
      Class:      4.52 MB used.
       Both:     32.68 MB used.

Virtual space:
  Non-class space:       64.00 MB reserved,      28.44 MB ( 44%) committed,  1 nodes.
      Class space:      416.00 MB reserved,       4.69 MB (  1%) committed,  1 nodes.
             Both:      480.00 MB reserved,      33.12 MB (  7%) committed. 

Chunk freelists:
   Non-Class:  3.30 MB
       Class:  11.20 MB
        Both:  14.50 MB

MaxMetaspaceSize: 512.00 MB
CompressedClassSpaceSize: 416.00 MB
Initial GC threshold: 21.00 MB
Current GC threshold: 35.12 MB
CDS: on
MetaspaceReclaimPolicy: balanced
 - commit_granule_bytes: 65536.
 - commit_granule_words: 8192.
 - virtual_space_node_default_size: 8388608.
 - enlarge_chunks_in_place: 1.
 - new_chunks_are_fully_committed: 0.
 - uncommit_free_chunks: 1.
 - use_allocation_guard: 0.
 - handle_deallocations: 1.


Internal statistics:

num_allocs_failed_limit: 3.
num_arena_births: 346.
num_arena_deaths: 0.
num_vsnodes_births: 2.
num_vsnodes_deaths: 0.
num_space_committed: 530.
num_space_uncommitted: 0.
num_chunks_returned_to_freelist: 3.
num_chunks_taken_from_freelist: 1507.
num_chunk_merges: 3.
num_chunk_splits: 1027.
num_chunks_enlarged: 747.
num_inconsistent_stats: 0.

CodeHeap 'non-profiled nmethods': size=120000Kb used=2179Kb max_used=2179Kb free=117820Kb
 bounds [0x000001c79a090000, 0x000001c79a300000, 0x000001c7a15c0000]
CodeHeap 'profiled nmethods': size=120000Kb used=8449Kb max_used=8449Kb free=111550Kb
 bounds [0x000001c7925c0000, 0x000001c792e10000, 0x000001c799af0000]
CodeHeap 'non-nmethods': size=5760Kb used=2289Kb max_used=2332Kb free=3470Kb
 bounds [0x000001c799af0000, 0x000001c799d60000, 0x000001c79a090000]
 total_blobs=4821 nmethods=4026 adapters=707
 compilation: enabled
              stopped_count=0, restarted_count=0
 full_count=0

Compilation events (20 events):
Event: 15.034 Thread 0x000001c7a8f2f4d0 4010       2       org.gradle.internal.logging.text.AbstractLineChoppingStyledTextOutput$2::execute (77 bytes)
Event: 15.035 Thread 0x000001c7a8f2f4d0 nmethod 4010 0x000001c792df7710 code [0x000001c792df7920, 0x000001c792df7d08]
Event: 15.035 Thread 0x000001c7a8f2f4d0 4011       2       org.gradle.internal.logging.text.AbstractLineChoppingStyledTextOutput$StateContext::next (11 bytes)
Event: 15.035 Thread 0x000001c7a8f2f4d0 nmethod 4011 0x000001c792df7f90 code [0x000001c792df8120, 0x000001c792df8238]
Event: 15.035 Thread 0x000001c7a8f2f4d0 4014       3       groovyjarjarasm.asm.SymbolTable::put (150 bytes)
Event: 15.035 Thread 0x000001c7a8f2f4d0 nmethod 4014 0x000001c792df8310 code [0x000001c792df8500, 0x000001c792df8d98]
Event: 15.035 Thread 0x000001c7a8f2f4d0 4015       3       groovyjarjarasm.asm.Frame::push (109 bytes)
Event: 15.036 Thread 0x000001c7a8f2f4d0 nmethod 4015 0x000001c792df9090 code [0x000001c792df9260, 0x000001c792df97e8]
Event: 15.072 Thread 0x000001c7a8f2f4d0 4016       3       java.lang.invoke.DirectMethodHandle$Holder::invokeStatic (15 bytes)
Event: 15.072 Thread 0x000001c7a8f2f4d0 nmethod 4016 0x000001c792df9990 code [0x000001c792df9b60, 0x000001c792dfa0d8]
Event: 15.073 Thread 0x000001c7a8f2f4d0 4017       3       java.beans.PropertyDescriptor::setPropertyType (9 bytes)
Event: 15.073 Thread 0x000001c7a8f2f4d0 nmethod 4017 0x000001c792dfa210 code [0x000001c792dfa3e0, 0x000001c792dfa788]
Event: 15.073 Thread 0x000001c7a8f2f4d0 4018       3       java.util.TreeMap$EntryIterator::next (5 bytes)
Event: 15.073 Thread 0x000001c7a8f2f4d0 nmethod 4018 0x000001c792dfa910 code [0x000001c792dfaac0, 0x000001c792dfac48]
Event: 15.073 Thread 0x000001c7a8f2f4d0 4019       3       java.util.TreeMap$EntryIterator::next (5 bytes)
Event: 15.073 Thread 0x000001c7a8f2f4d0 nmethod 4019 0x000001c792dfad10 code [0x000001c792dfaea0, 0x000001c792dfafe8]
Event: 15.090 Thread 0x000001c7a8f2f4d0 4020       3       java.lang.ModuleLayer::boot (4 bytes)
Event: 15.091 Thread 0x000001c7a8f2f4d0 nmethod 4020 0x000001c792dfb090 code [0x000001c792dfb220, 0x000001c792dfb318]
Event: 15.093 Thread 0x000001c7a8f2f4d0 4021       3       java.lang.StackTraceElement::<init> (10 bytes)
Event: 15.093 Thread 0x000001c7a8f2f4d0 nmethod 4021 0x000001c792dfb390 code [0x000001c792dfb520, 0x000001c792dfb698]

GC Heap History (12 events):
Event: 0.972 GC heap before
{Heap before GC invocations=0 (full 0):
 garbage-first heap   total 122880K, used 26624K [0x0000000080000000, 0x0000000100000000)
  region size 1024K, 23 young (23552K), 0 survivors (0K)
 Metaspace       used 3036K, committed 3200K, reserved 491520K
  class space    used 385K, committed 448K, reserved 425984K
}
Event: 0.980 GC heap after
{Heap after GC invocations=1 (full 0):
 garbage-first heap   total 122880K, used 10608K [0x0000000080000000, 0x0000000100000000)
  region size 1024K, 3 young (3072K), 3 survivors (3072K)
 Metaspace       used 3036K, committed 3200K, reserved 491520K
  class space    used 385K, committed 448K, reserved 425984K
}
Event: 1.674 GC heap before
{Heap before GC invocations=1 (full 0):
 garbage-first heap   total 122880K, used 37232K [0x0000000080000000, 0x0000000100000000)
  region size 1024K, 29 young (29696K), 3 survivors (3072K)
 Metaspace       used 4040K, committed 4224K, reserved 491520K
  class space    used 490K, committed 576K, reserved 425984K
}
Event: 1.681 GC heap after
{Heap after GC invocations=2 (full 0):
 garbage-first heap   total 122880K, used 11424K [0x0000000080000000, 0x0000000100000000)
  region size 1024K, 1 young (1024K), 1 survivors (1024K)
 Metaspace       used 4040K, committed 4224K, reserved 491520K
  class space    used 490K, committed 576K, reserved 425984K
}
Event: 5.711 GC heap before
{Heap before GC invocations=2 (full 0):
 garbage-first heap   total 122880K, used 81056K [0x0000000080000000, 0x0000000100000000)
  region size 1024K, 68 young (69632K), 1 survivors (1024K)
 Metaspace       used 14800K, committed 15040K, reserved 491520K
  class space    used 2086K, committed 2176K, reserved 425984K
}
Event: 5.726 GC heap after
{Heap after GC invocations=3 (full 0):
 garbage-first heap   total 122880K, used 20458K [0x0000000080000000, 0x0000000100000000)
  region size 1024K, 9 young (9216K), 9 survivors (9216K)
 Metaspace       used 14800K, committed 15040K, reserved 491520K
  class space    used 2086K, committed 2176K, reserved 425984K
}
Event: 9.091 GC heap before
{Heap before GC invocations=3 (full 0):
 garbage-first heap   total 122880K, used 68586K [0x0000000080000000, 0x0000000100000000)
  region size 1024K, 58 young (59392K), 9 survivors (9216K)
 Metaspace       used 21132K, committed 21504K, reserved 491520K
  class space    used 3119K, committed 3328K, reserved 425984K
}
Event: 9.113 GC heap after
{Heap after GC invocations=4 (full 0):
 garbage-first heap   total 122880K, used 23536K [0x0000000080000000, 0x0000000100000000)
  region size 1024K, 4 young (4096K), 4 survivors (4096K)
 Metaspace       used 21132K, committed 21504K, reserved 491520K
  class space    used 3119K, committed 3328K, reserved 425984K
}
Event: 12.679 GC heap before
{Heap before GC invocations=5 (full 0):
 garbage-first heap   total 86016K, used 69616K [0x0000000080000000, 0x0000000100000000)
  region size 1024K, 50 young (51200K), 4 survivors (4096K)
 Metaspace       used 29572K, committed 29888K, reserved 491520K
  class space    used 4150K, committed 4288K, reserved 425984K
}
Event: 12.688 GC heap after
{Heap after GC invocations=6 (full 0):
 garbage-first heap   total 86016K, used 27205K [0x0000000080000000, 0x0000000100000000)
  region size 1024K, 7 young (7168K), 7 survivors (7168K)
 Metaspace       used 29572K, committed 29888K, reserved 491520K
  class space    used 4150K, committed 4288K, reserved 425984K
}
Event: 14.272 GC heap before
{Heap before GC invocations=6 (full 0):
 garbage-first heap   total 86016K, used 69189K [0x0000000080000000, 0x0000000100000000)
  region size 1024K, 43 young (44032K), 7 survivors (7168K)
 Metaspace       used 32625K, committed 33088K, reserved 491520K
  class space    used 4506K, committed 4736K, reserved 425984K
}
Event: 14.284 GC heap after
{Heap after GC invocations=7 (full 0):
 garbage-first heap   total 86016K, used 30074K [0x0000000080000000, 0x0000000100000000)
  region size 1024K, 4 young (4096K), 4 survivors (4096K)
 Metaspace       used 32625K, committed 33088K, reserved 491520K
  class space    used 4506K, committed 4736K, reserved 425984K
}

Dll operation events (15 events):
Event: 0.027 Loaded shared library C:\Program Files\Microsoft\jdk-17.0.10.7-hotspot\bin\java.dll
Event: 0.070 Loaded shared library C:\Program Files\Microsoft\jdk-17.0.10.7-hotspot\bin\jsvml.dll
Event: 0.148 Loaded shared library C:\Program Files\Microsoft\jdk-17.0.10.7-hotspot\bin\zip.dll
Event: 0.153 Loaded shared library C:\Program Files\Microsoft\jdk-17.0.10.7-hotspot\bin\instrument.dll
Event: 0.161 Loaded shared library C:\Program Files\Microsoft\jdk-17.0.10.7-hotspot\bin\net.dll
Event: 0.164 Loaded shared library C:\Program Files\Microsoft\jdk-17.0.10.7-hotspot\bin\nio.dll
Event: 0.170 Loaded shared library C:\Program Files\Microsoft\jdk-17.0.10.7-hotspot\bin\zip.dll
Event: 0.498 Loaded shared library C:\Program Files\Microsoft\jdk-17.0.10.7-hotspot\bin\jimage.dll
Event: 0.627 Loaded shared library C:\Program Files\Microsoft\jdk-17.0.10.7-hotspot\bin\verify.dll
Event: 0.851 Loaded shared library C:\Users\TONG VIET TAI\.gradle\native\68d5fa5c4cc2d200863cafc0d521ce42e7d3e7ee720ec0a83991735586a16f82\windows-amd64\native-platform.dll
Event: 0.869 Loaded shared library C:\Users\TONG VIET TAI\.gradle\native\e376f236ea51e6404a007f0833ffe2c6e607c4080706a723a18a27aeea778392\windows-amd64\native-platform-file-events.dll
Event: 2.497 Loaded shared library C:\Program Files\Microsoft\jdk-17.0.10.7-hotspot\bin\management.dll
Event: 2.504 Loaded shared library C:\Program Files\Microsoft\jdk-17.0.10.7-hotspot\bin\management_ext.dll
Event: 3.009 Loaded shared library C:\Program Files\Microsoft\jdk-17.0.10.7-hotspot\bin\extnet.dll
Event: 3.431 Loaded shared library C:\Program Files\Microsoft\jdk-17.0.10.7-hotspot\bin\sunmscapi.dll

Deoptimization events (20 events):
Event: 14.628 Thread 0x000001c7c9a61f40 Uncommon trap: trap_request=0xffffffde fr.pc=0x000001c79a291a60 relative=0x00000000000009e0
Event: 14.628 Thread 0x000001c7c9a61f40 Uncommon trap: reason=class_check action=maybe_recompile pc=0x000001c79a291a60 method=java.io.BufferedInputStream.read1([BII)I @ 39 c2
Event: 14.628 Thread 0x000001c7c9a61f40 DEOPT PACKING pc=0x000001c79a291a60 sp=0x0000004b35cf7940
Event: 14.628 Thread 0x000001c7c9a61f40 DEOPT UNPACKING pc=0x000001c799b469a3 sp=0x0000004b35cf7878 mode 2
Event: 14.907 Thread 0x000001c7c9a61f40 Uncommon trap: trap_request=0xffffffde fr.pc=0x000001c79a26b300 relative=0x0000000000000420
Event: 14.907 Thread 0x000001c7c9a61f40 Uncommon trap: reason=class_check action=maybe_recompile pc=0x000001c79a26b300 method=java.util.regex.Pattern$Start.match(Ljava/util/regex/Matcher;ILjava/lang/CharSequence;)Z @ 44 c2
Event: 14.907 Thread 0x000001c7c9a61f40 DEOPT PACKING pc=0x000001c79a26b300 sp=0x0000004b35cf7270
Event: 14.907 Thread 0x000001c7c9a61f40 DEOPT UNPACKING pc=0x000001c799b469a3 sp=0x0000004b35cf7138 mode 2
Event: 14.908 Thread 0x000001c7c9a61f40 Uncommon trap: trap_request=0xffffffde fr.pc=0x000001c79a263360 relative=0x0000000000000400
Event: 14.908 Thread 0x000001c7c9a61f40 Uncommon trap: reason=class_check action=maybe_recompile pc=0x000001c79a263360 method=java.util.regex.Pattern$Start.match(Ljava/util/regex/Matcher;ILjava/lang/CharSequence;)Z @ 44 c2
Event: 14.908 Thread 0x000001c7c9a61f40 DEOPT PACKING pc=0x000001c79a263360 sp=0x0000004b35cf7200
Event: 14.908 Thread 0x000001c7c9a61f40 DEOPT UNPACKING pc=0x000001c799b469a3 sp=0x0000004b35cf7140 mode 2
Event: 14.908 Thread 0x000001c7c9a61f40 Uncommon trap: trap_request=0xffffffde fr.pc=0x000001c79a266208 relative=0x00000000000002c8
Event: 14.909 Thread 0x000001c7c9a61f40 Uncommon trap: reason=class_check action=maybe_recompile pc=0x000001c79a266208 method=java.util.regex.Pattern$Start.match(Ljava/util/regex/Matcher;ILjava/lang/CharSequence;)Z @ 44 c2
Event: 14.909 Thread 0x000001c7c9a61f40 DEOPT PACKING pc=0x000001c79a266208 sp=0x0000004b35cf7180
Event: 14.909 Thread 0x000001c7c9a61f40 DEOPT UNPACKING pc=0x000001c799b469a3 sp=0x0000004b35cf7140 mode 2
Event: 15.075 Thread 0x000001c7c9a61f40 Uncommon trap: trap_request=0xffffffde fr.pc=0x000001c79a1c703c relative=0x000000000000067c
Event: 15.075 Thread 0x000001c7c9a61f40 Uncommon trap: reason=class_check action=maybe_recompile pc=0x000001c79a1c703c method=java.util.Collections$SetFromMap.remove(Ljava/lang/Object;)Z @ 5 c2
Event: 15.075 Thread 0x000001c7c9a61f40 DEOPT PACKING pc=0x000001c79a1c703c sp=0x0000004b35cfaa70
Event: 15.075 Thread 0x000001c7c9a61f40 DEOPT UNPACKING pc=0x000001c799b469a3 sp=0x0000004b35cfaa58 mode 2

Classes unloaded (0 events):
No events

Classes redefined (0 events):
No events

Internal exceptions (20 events):
Event: 14.572 Thread 0x000001c7c9a61f40 Exception <a 'java/lang/ClassNotFoundException'{0x0000000084755b60}: java/io/ReaderBeanInfo> (0x0000000084755b60) 
thrown [s\src\hotspot\share\classfile\systemDictionary.cpp, line 256]
Event: 14.573 Thread 0x000001c7c9a61f40 Exception <a 'java/lang/ClassNotFoundException'{0x000000008475b460}: java/io/ReaderCustomizer> (0x000000008475b460) 
thrown [s\src\hotspot\share\classfile\systemDictionary.cpp, line 256]
Event: 14.576 Thread 0x000001c7c9a61f40 Exception <a 'java/lang/ClassNotFoundException'{0x0000000084766c88}: java/io/InputStreamReaderCustomizer> (0x0000000084766c88) 
thrown [s\src\hotspot\share\classfile\systemDictionary.cpp, line 256]
Event: 14.581 Thread 0x000001c7c9a61f40 Exception <a 'java/lang/ClassNotFoundException'{0x0000000084785b00}: java/io/BufferedReaderBeanInfo> (0x0000000084785b00) 
thrown [s\src\hotspot\share\classfile\systemDictionary.cpp, line 256]
Event: 14.582 Thread 0x000001c7c9a61f40 Exception <a 'java/lang/ClassNotFoundException'{0x000000008478b430}: java/io/BufferedReaderCustomizer> (0x000000008478b430) 
thrown [s\src\hotspot\share\classfile\systemDictionary.cpp, line 256]
Event: 14.591 Thread 0x000001c7c9a61f40 Exception <a 'java/lang/ClassNotFoundException'{0x00000000846c0ee8}: java/lang/StringBufferBeanInfo> (0x00000000846c0ee8) 
thrown [s\src\hotspot\share\classfile\systemDictionary.cpp, line 256]
Event: 14.591 Thread 0x000001c7c9a61f40 Exception <a 'java/lang/ClassNotFoundException'{0x00000000846c6880}: java/lang/AbstractStringBuilderBeanInfo> (0x00000000846c6880) 
thrown [s\src\hotspot\share\classfile\systemDictionary.cpp, line 256]
Event: 14.592 Thread 0x000001c7c9a61f40 Exception <a 'java/lang/ClassNotFoundException'{0x00000000846cc340}: java/lang/AbstractStringBuilderCustomizer> (0x00000000846cc340) 
thrown [s\src\hotspot\share\classfile\systemDictionary.cpp, line 256]
Event: 14.619 Thread 0x000001c7c9a61f40 Exception <a 'java/lang/ClassNotFoundException'{0x00000000845c05e0}: java/lang/StringBufferCustomizer> (0x00000000845c05e0) 
thrown [s\src\hotspot\share\classfile\systemDictionary.cpp, line 256]
Event: 14.905 Thread 0x000001c7c9a61f40 Exception <a 'java/lang/ClassNotFoundException'{0x0000000084320fe8}: java/lang/StringBeanInfo> (0x0000000084320fe8) 
thrown [s\src\hotspot\share\classfile\systemDictionary.cpp, line 256]
Event: 14.906 Thread 0x000001c7c9a61f40 Exception <a 'java/lang/ClassNotFoundException'{0x0000000084326910}: java/lang/StringCustomizer> (0x0000000084326910) 
thrown [s\src\hotspot\share\classfile\systemDictionary.cpp, line 256]
Event: 14.930 Thread 0x000001c7c9a61f40 Exception <a 'java/lang/ClassNotFoundException'{0x0000000084393168}: org/gradle/internal/logging/slf4j/OutputEventListenerBackedLoggerBeanInfo> (0x0000000084393168) 
thrown [s\src\hotspot\share\classfile\systemDictionary.cpp, line 256]
Event: 14.931 Thread 0x000001c7c9a61f40 Exception <a 'java/lang/ClassNotFoundException'{0x00000000843a5968}: org/gradle/internal/logging/slf4j/BuildOperationAwareLoggerBeanInfo> (0x00000000843a5968) 
thrown [s\src\hotspot\share\classfile\systemDictionary.cpp, line 256]
Event: 14.932 Thread 0x000001c7c9a61f40 Exception <a 'java/lang/ClassNotFoundException'{0x00000000843b8138}: org/gradle/internal/logging/slf4j/BuildOperationAwareLoggerCustomizer> (0x00000000843b8138) 
thrown [s\src\hotspot\share\classfile\systemDictionary.cpp, line 256]
Event: 14.940 Thread 0x000001c7c9a61f40 Exception <a 'java/lang/ClassNotFoundException'{0x00000000843f9a48}: org/gradle/internal/logging/slf4j/OutputEventListenerBackedLoggerCustomizer> (0x00000000843f9a48) 
thrown [s\src\hotspot\share\classfile\systemDictionary.cpp, line 256]
Event: 15.072 Thread 0x000001c7c9a61f40 Exception <a 'java/lang/ClassNotFoundException'{0x0000000084146378}: java/lang/ExceptionBeanInfo> (0x0000000084146378) 
thrown [s\src\hotspot\share\classfile\systemDictionary.cpp, line 256]
Event: 15.072 Thread 0x000001c7c9a61f40 Exception <a 'java/lang/ClassNotFoundException'{0x000000008414bcd8}: java/lang/ThrowableBeanInfo> (0x000000008414bcd8) 
thrown [s\src\hotspot\share\classfile\systemDictionary.cpp, line 256]
Event: 15.072 Thread 0x000001c7c9a61f40 Exception <a 'java/lang/ClassNotFoundException'{0x0000000084151608}: java/lang/ThrowableCustomizer> (0x0000000084151608) 
thrown [s\src\hotspot\share\classfile\systemDictionary.cpp, line 256]
Event: 15.073 Thread 0x000001c7c9a61f40 Exception <a 'java/lang/ClassNotFoundException'{0x000000008415f648}: java/lang/ExceptionCustomizer> (0x000000008415f648) 
thrown [s\src\hotspot\share\classfile\systemDictionary.cpp, line 256]
Event: 15.075 Thread 0x000001c7c9a61f40 Exception <a 'java/lang/reflect/InvocationTargetException'{0x00000000841687c0}> (0x00000000841687c0) 
thrown [s\src\hotspot\share\runtime\reflection.cpp, line 1121]

VM Operations (20 events):
Event: 12.501 Executing VM operation: HandshakeAllThreads
Event: 12.501 Executing VM operation: HandshakeAllThreads done
Event: 12.512 Executing VM operation: HandshakeAllThreads
Event: 12.512 Executing VM operation: HandshakeAllThreads done
Event: 12.531 Executing VM operation: HandshakeAllThreads
Event: 12.531 Executing VM operation: HandshakeAllThreads done
Event: 12.666 Executing VM operation: HandshakeAllThreads
Event: 12.666 Executing VM operation: HandshakeAllThreads done
Event: 12.679 Executing VM operation: G1CollectForAllocation
Event: 12.689 Executing VM operation: G1CollectForAllocation done
Event: 13.167 Executing VM operation: HandshakeAllThreads
Event: 13.167 Executing VM operation: HandshakeAllThreads done
Event: 13.169 Executing VM operation: HandshakeAllThreads
Event: 13.169 Executing VM operation: HandshakeAllThreads done
Event: 13.377 Executing VM operation: HandshakeAllThreads
Event: 13.378 Executing VM operation: HandshakeAllThreads done
Event: 14.181 Executing VM operation: ICBufferFull
Event: 14.181 Executing VM operation: ICBufferFull done
Event: 14.272 Executing VM operation: G1CollectForAllocation
Event: 14.284 Executing VM operation: G1CollectForAllocation done

Events (20 events):
Event: 15.071 loading class java/lang/Throwable$PrintStreamOrWriter
Event: 15.071 loading class java/lang/Throwable$PrintStreamOrWriter done
Event: 15.072 loading class java/lang/ExceptionBeanInfo
Event: 15.072 loading class java/lang/ExceptionBeanInfo done
Event: 15.072 loading class java/lang/ExceptionBeanInfo
Event: 15.072 loading class java/lang/ExceptionBeanInfo done
Event: 15.072 loading class java/lang/ThrowableBeanInfo
Event: 15.072 loading class java/lang/ThrowableBeanInfo done
Event: 15.072 loading class java/lang/ThrowableBeanInfo
Event: 15.072 loading class java/lang/ThrowableBeanInfo done
Event: 15.072 loading class java/lang/ThrowableCustomizer
Event: 15.072 loading class java/lang/ThrowableCustomizer done
Event: 15.072 loading class java/lang/ThrowableCustomizer
Event: 15.072 loading class java/lang/ThrowableCustomizer done
Event: 15.073 loading class java/lang/ExceptionCustomizer
Event: 15.073 loading class java/lang/ExceptionCustomizer done
Event: 15.073 loading class java/lang/ExceptionCustomizer
Event: 15.073 loading class java/lang/ExceptionCustomizer done
Event: 15.091 loading class java/lang/StackTraceElement$HashedModules
Event: 15.091 loading class java/lang/StackTraceElement$HashedModules done


Dynamic libraries:
0x00007ff64c570000 - 0x00007ff64c57e000 	C:\Program Files\Microsoft\jdk-17.0.10.7-hotspot\bin\java.exe
0x00007ffe90070000 - 0x00007ffe90286000 	C:\WINDOWS\SYSTEM32\ntdll.dll
0x00007ffe8df80000 - 0x00007ffe8e044000 	C:\WINDOWS\System32\KERNEL32.DLL
0x00007ffe8d650000 - 0x00007ffe8d9f6000 	C:\WINDOWS\System32\KERNELBASE.dll
0x00007ffe8da00000 - 0x00007ffe8db11000 	C:\WINDOWS\System32\ucrtbase.dll
0x00007ffe86db0000 - 0x00007ffe86dc7000 	C:\Program Files\Microsoft\jdk-17.0.10.7-hotspot\bin\jli.dll
0x00007ffe8f260000 - 0x00007ffe8f40d000 	C:\WINDOWS\System32\USER32.dll
0x00007ffe8dbc0000 - 0x00007ffe8dbe6000 	C:\WINDOWS\System32\win32u.dll
0x00007ffe86df0000 - 0x00007ffe86e0b000 	C:\Program Files\Microsoft\jdk-17.0.10.7-hotspot\bin\VCRUNTIME140.dll
0x00007ffe8fe20000 - 0x00007ffe8fe49000 	C:\WINDOWS\System32\GDI32.dll
0x00007ffe8dbf0000 - 0x00007ffe8dd08000 	C:\WINDOWS\System32\gdi32full.dll
0x00007ffe8db20000 - 0x00007ffe8dbba000 	C:\WINDOWS\System32\msvcp_win.dll
0x00007ffe82180000 - 0x00007ffe82413000 	C:\WINDOWS\WinSxS\amd64_microsoft.windows.common-controls_6595b64144ccf1df_6.0.22621.3235_none_270f74e173860f98\COMCTL32.dll
0x00007ffe8f6c0000 - 0x00007ffe8f767000 	C:\WINDOWS\System32\msvcrt.dll
0x00007ffe8f810000 - 0x00007ffe8f841000 	C:\WINDOWS\System32\IMM32.DLL
0x00007ffe86e20000 - 0x00007ffe86e2c000 	C:\Program Files\Microsoft\jdk-17.0.10.7-hotspot\bin\vcruntime140_1.dll
0x00007ffe7a560000 - 0x00007ffe7a5ed000 	C:\Program Files\Microsoft\jdk-17.0.10.7-hotspot\bin\msvcp140.dll
0x00007ffe3ab90000 - 0x00007ffe3b7f5000 	C:\Program Files\Microsoft\jdk-17.0.10.7-hotspot\bin\server\jvm.dll
0x00007ffe8f860000 - 0x00007ffe8f912000 	C:\WINDOWS\System32\ADVAPI32.dll
0x00007ffe8de20000 - 0x00007ffe8dec8000 	C:\WINDOWS\System32\sechost.dll
0x00007ffe8dd10000 - 0x00007ffe8dd38000 	C:\WINDOWS\System32\bcrypt.dll
0x00007ffe8fd00000 - 0x00007ffe8fe15000 	C:\WINDOWS\System32\RPCRT4.dll
0x00007ffe78fb0000 - 0x00007ffe78fb9000 	C:\WINDOWS\SYSTEM32\WSOCK32.dll
0x00007ffe8d280000 - 0x00007ffe8d2cd000 	C:\WINDOWS\SYSTEM32\POWRPROF.dll
0x00007ffe840e0000 - 0x00007ffe840ea000 	C:\WINDOWS\SYSTEM32\VERSION.dll
0x00007ffe86d70000 - 0x00007ffe86da4000 	C:\WINDOWS\SYSTEM32\WINMM.dll
0x00007ffe8ebb0000 - 0x00007ffe8ec21000 	C:\WINDOWS\System32\WS2_32.dll
0x00007ffe8d260000 - 0x00007ffe8d273000 	C:\WINDOWS\SYSTEM32\UMPDC.dll
0x00007ffe8c3f0000 - 0x00007ffe8c408000 	C:\WINDOWS\SYSTEM32\kernel.appcore.dll
0x00007ffe86de0000 - 0x00007ffe86dea000 	C:\Program Files\Microsoft\jdk-17.0.10.7-hotspot\bin\jimage.dll
0x00007ffe764b0000 - 0x00007ffe766e3000 	C:\WINDOWS\SYSTEM32\DBGHELP.DLL
0x00007ffe8f970000 - 0x00007ffe8fcf8000 	C:\WINDOWS\System32\combase.dll
0x00007ffe8e050000 - 0x00007ffe8e127000 	C:\WINDOWS\System32\OLEAUT32.dll
0x00007ffe6f720000 - 0x00007ffe6f752000 	C:\WINDOWS\SYSTEM32\dbgcore.DLL
0x00007ffe8dd40000 - 0x00007ffe8ddba000 	C:\WINDOWS\System32\bcryptPrimitives.dll
0x00007ffe857b0000 - 0x00007ffe857be000 	C:\Program Files\Microsoft\jdk-17.0.10.7-hotspot\bin\instrument.dll
0x00007ffe819a0000 - 0x00007ffe819c5000 	C:\Program Files\Microsoft\jdk-17.0.10.7-hotspot\bin\java.dll
0x00007ffe76860000 - 0x00007ffe76937000 	C:\Program Files\Microsoft\jdk-17.0.10.7-hotspot\bin\jsvml.dll
0x00007ffe8e190000 - 0x00007ffe8e9ed000 	C:\WINDOWS\System32\SHELL32.dll
0x00007ffe8b310000 - 0x00007ffe8bc08000 	C:\WINDOWS\SYSTEM32\windows.storage.dll
0x00007ffe8b1d0000 - 0x00007ffe8b30e000 	C:\WINDOWS\SYSTEM32\wintypes.dll
0x00007ffe8f5b0000 - 0x00007ffe8f6a3000 	C:\WINDOWS\System32\SHCORE.dll
0x00007ffe8eb50000 - 0x00007ffe8ebae000 	C:\WINDOWS\System32\shlwapi.dll
0x00007ffe8d2e0000 - 0x00007ffe8d306000 	C:\WINDOWS\SYSTEM32\profapi.dll
0x00007ffe80ec0000 - 0x00007ffe80ed8000 	C:\Program Files\Microsoft\jdk-17.0.10.7-hotspot\bin\zip.dll
0x00007ffe7fa70000 - 0x00007ffe7fa89000 	C:\Program Files\Microsoft\jdk-17.0.10.7-hotspot\bin\net.dll
0x00007ffe87410000 - 0x00007ffe87547000 	C:\WINDOWS\SYSTEM32\WINHTTP.dll
0x00007ffe8c870000 - 0x00007ffe8c8d9000 	C:\WINDOWS\system32\mswsock.dll
0x00007ffe7e0f0000 - 0x00007ffe7e106000 	C:\Program Files\Microsoft\jdk-17.0.10.7-hotspot\bin\nio.dll
0x00007ffe856f0000 - 0x00007ffe85700000 	C:\Program Files\Microsoft\jdk-17.0.10.7-hotspot\bin\verify.dll
0x00007ffde0df0000 - 0x00007ffde0e17000 	C:\Users\TONG VIET TAI\.gradle\native\68d5fa5c4cc2d200863cafc0d521ce42e7d3e7ee720ec0a83991735586a16f82\windows-amd64\native-platform.dll
0x00007ffe57bf0000 - 0x00007ffe57d34000 	C:\Users\TONG VIET TAI\.gradle\native\e376f236ea51e6404a007f0833ffe2c6e607c4080706a723a18a27aeea778392\windows-amd64\native-platform-file-events.dll
0x00007ffe81a60000 - 0x00007ffe81a69000 	C:\Program Files\Microsoft\jdk-17.0.10.7-hotspot\bin\management.dll
0x00007ffe811f0000 - 0x00007ffe811fb000 	C:\Program Files\Microsoft\jdk-17.0.10.7-hotspot\bin\management_ext.dll
0x00007ffe8f6b0000 - 0x00007ffe8f6b8000 	C:\WINDOWS\System32\PSAPI.DLL
0x00007ffe8cad0000 - 0x00007ffe8caeb000 	C:\WINDOWS\SYSTEM32\CRYPTSP.dll
0x00007ffe8c350000 - 0x00007ffe8c385000 	C:\WINDOWS\system32\rsaenh.dll
0x00007ffe8c960000 - 0x00007ffe8c98c000 	C:\WINDOWS\SYSTEM32\USERENV.dll
0x00007ffe8cac0000 - 0x00007ffe8cacc000 	C:\WINDOWS\SYSTEM32\CRYPTBASE.dll
0x00007ffe8beb0000 - 0x00007ffe8bedd000 	C:\WINDOWS\SYSTEM32\IPHLPAPI.DLL
0x00007ffe8f410000 - 0x00007ffe8f419000 	C:\WINDOWS\System32\NSI.dll
0x00007ffe87070000 - 0x00007ffe87089000 	C:\WINDOWS\SYSTEM32\dhcpcsvc6.DLL
0x00007ffe87050000 - 0x00007ffe8706f000 	C:\WINDOWS\SYSTEM32\dhcpcsvc.DLL
0x00007ffe8bee0000 - 0x00007ffe8bfd9000 	C:\WINDOWS\SYSTEM32\DNSAPI.dll
0x00007ffe80eb0000 - 0x00007ffe80eb9000 	C:\Program Files\Microsoft\jdk-17.0.10.7-hotspot\bin\extnet.dll
0x00007ffe7f840000 - 0x00007ffe7f84e000 	C:\Program Files\Microsoft\jdk-17.0.10.7-hotspot\bin\sunmscapi.dll
0x00007ffe8d470000 - 0x00007ffe8d5d6000 	C:\WINDOWS\System32\CRYPT32.dll
0x00007ffe8cc60000 - 0x00007ffe8cc8e000 	C:\WINDOWS\SYSTEM32\ncrypt.dll
0x00007ffe8cc20000 - 0x00007ffe8cc57000 	C:\WINDOWS\SYSTEM32\NTASN1.dll
0x00007ffe55bd0000 - 0x00007ffe55bd8000 	C:\WINDOWS\system32\wshunix.dll

dbghelp: loaded successfully - version: 4.0.5 - missing functions: none
symbol engine: initialized successfully - sym options: 0x614 - pdb path: .;C:\Program Files\Microsoft\jdk-17.0.10.7-hotspot\bin;C:\WINDOWS\SYSTEM32;C:\WINDOWS\WinSxS\amd64_microsoft.windows.common-controls_6595b64144ccf1df_6.0.22621.3235_none_270f74e173860f98;C:\Program Files\Microsoft\jdk-17.0.10.7-hotspot\bin\server;C:\Users\TONG VIET TAI\.gradle\native\68d5fa5c4cc2d200863cafc0d521ce42e7d3e7ee720ec0a83991735586a16f82\windows-amd64;C:\Users\TONG VIET TAI\.gradle\native\e376f236ea51e6404a007f0833ffe2c6e607c4080706a723a18a27aeea778392\windows-amd64

VM Arguments:
jvm_args: -XX:MaxMetaspaceSize=512m --add-opens=java.base/java.util=ALL-UNNAMED --add-opens=java.base/java.lang=ALL-UNNAMED --add-opens=java.base/java.lang.invoke=ALL-UNNAMED --add-opens=java.prefs/java.util.prefs=ALL-UNNAMED --add-opens=java.base/java.nio.charset=ALL-UNNAMED --add-opens=java.base/java.net=ALL-UNNAMED --add-opens=java.base/java.util.concurrent.atomic=ALL-UNNAMED -Xmx2048m -Dfile.encoding=windows-1252 -Duser.country=US -Duser.language=en -Duser.variant -javaagent:C:\Users\TONG VIET TAI\.gradle\wrapper\dists\gradle-8.3-all\6en3ugtfdg5xnpx44z4qbwgas\gradle-8.3\lib\agents\gradle-instrumentation-agent-8.3.jar 
java_command: org.gradle.launcher.daemon.bootstrap.GradleDaemon 8.3
java_class_path (initial): C:\Users\TONG VIET TAI\.gradle\wrapper\dists\gradle-8.3-all\6en3ugtfdg5xnpx44z4qbwgas\gradle-8.3\lib\gradle-launcher-8.3.jar
Launcher Type: SUN_STANDARD

[Global flags]
     intx CICompilerCount                          = 4                                         {product} {ergonomic}
   size_t CompressedClassSpaceSize                 = 436207616                                 {product} {ergonomic}
     uint ConcGCThreads                            = 2                                         {product} {ergonomic}
     uint G1ConcRefinementThreads                  = 8                                         {product} {ergonomic}
   size_t G1HeapRegionSize                         = 1048576                                   {product} {ergonomic}
    uintx GCDrainStackTargetSize                   = 64                                        {product} {ergonomic}
   size_t InitialHeapSize                          = 125829120                                 {product} {ergonomic}
   size_t MarkStackSize                            = 4194304                                   {product} {ergonomic}
   size_t MaxHeapSize                              = 2147483648                                {product} {command line}
   size_t MaxMetaspaceSize                         = 536870912                                 {product} {command line}
   size_t MaxNewSize                               = 1287651328                                {product} {ergonomic}
   size_t MinHeapDeltaBytes                        = 1048576                                   {product} {ergonomic}
   size_t MinHeapSize                              = 8388608                                   {product} {ergonomic}
    uintx NonNMethodCodeHeapSize                   = 5839372                                {pd product} {ergonomic}
    uintx NonProfiledCodeHeapSize                  = 122909434                              {pd product} {ergonomic}
    uintx ProfiledCodeHeapSize                     = 122909434                              {pd product} {ergonomic}
    uintx ReservedCodeCacheSize                    = 251658240                              {pd product} {ergonomic}
     bool SegmentedCodeCache                       = true                                      {product} {ergonomic}
   size_t SoftMaxHeapSize                          = 2147483648                             {manageable} {ergonomic}
     bool UseCompressedClassPointers               = true                           {product lp64_product} {ergonomic}
     bool UseCompressedOops                        = true                           {product lp64_product} {ergonomic}
     bool UseG1GC                                  = true                                      {product} {ergonomic}
     bool UseLargePagesIndividualAllocation        = false                                  {pd product} {ergonomic}

Logging:
Log output configuration:
 #0: stdout all=warning uptime,level,tags
 #1: stderr all=off uptime,level,tags

Environment Variables:
JAVA_HOME=C:\Program Files\Microsoft\jdk-17.0.10.7-hotspot
CLASSPATH=D:\react\text1\android\\gradle\wrapper\gradle-wrapper.jar
PATH=D:\react\text1\node_modules\.bin;D:\react\text1\node_modules\.bin;D:\react\node_modules\.bin;D:\node_modules\.bin;C:\Program Files\nodejs\node_modules\npm\node_modules\@npmcli\run-script\lib\node-gyp-bin;D:\react\text1\node_modules\.bin;D:\react\text1\node_modules\.bin;D:\react\node_modules\.bin;D:\node_modules\.bin;C:\Program Files\nodejs\node_modules\npm\node_modules\@npmcli\run-script\lib\node-gyp-bin;C:\Users\TONG VIET TAI\AppData\Local\Android\SDK\cmdline-tools\latest\bin;C:\Users\TONG VIET TAI\AppData\Local\Android\SDK\platform-tools;C:\Program Files\Microsoft\jdk-17.0.10.7-hotspot\bin;C:\Program Files\Microsoft\jdk-11.0.12.7-hotspot\bin;C:\Program Files\Common Files\Oracle\Java\javapath;C:\Windows\system32;C:\Windows;C:\Windows\System32\Wbem;C:\Windows\System32\WindowsPowerShell\v1.0\;C:\Windows\System32\OpenSSH\;C:\Program Files (x86)\NVIDIA Corporation\PhysX\Common;C:\Program Files\NVIDIA Corporation\NVIDIA NvDLISR;C:\WINDOWS\system32;C:\WINDOWS;C:\WINDOWS\System32\Wbem;C:\WINDOWS\System32\WindowsPowerShell\v1.0\;C:\WINDOWS\System32\OpenSSH\;C:\Program Files\Microsoft SQL Server\Client SDK\ODBC\170\Tools\Binn\;C:\Program Files (x86)\Microsoft SQL Server\150\Tools\Binn\;C:\Program Files\Microsoft SQL Server\150\Tools\Binn\;C:\Program Files\Microsoft SQL Server\150\DTS\Binn\;C:\Program Files (x86)\Microsoft SQL Server\150\DTS\Binn\;C:\Program Files\Azure Data Studio\bin;C:\Program Files\dotnet\;C:\Program Files\Microsoft SQL Server\130\Tools\Binn\;C:\Program Files (x86)\Windows Live\Shared;C:\Program Files (x86)\Rational\common;C:\WINDOWS\system32;C:\WINDOWS;C:\WINDOWS\System32\Wbem;C:\WINDOWS\System32\WindowsPowerShell\v1.0\;C:\WINDOWS\System32\OpenSSH\;C:\Program Files (x86)\PuTTY\;D:\Git\cmd;C:\ProgramData\chocolatey\bin;C:\Program Files\nodejs;C:\ProgramData\Microsoft\Windows\Start Menu\Programs\Android Studio;C:\Program Files\nodejs\;C:\Users\TONG VIET TAI\AppData\Local\Android\SDK\cmdline-tools\latest\bin;C:\Users\TONG VIET TAI\AppData\Local\Android\S
USERNAME=TONG VIET TAI
OS=Windows_NT
PROCESSOR_IDENTIFIER=AMD64 Family 23 Model 24 Stepping 1, AuthenticAMD
TMP=C:\Users\TONGVI~1\AppData\Local\Temp
TEMP=C:\Users\TONGVI~1\AppData\Local\Temp



Periodic native trim disabled


---------------  S Y S T E M  ---------------

OS:
 Windows 11 , 64 bit Build 22621 (10.0.22621.3235)
OS uptime: 0 days 19:47 hours

CPU: total 8 (initial active 8) (8 cores per cpu, 2 threads per core) family 23 model 24 stepping 1 microcode 0x0, cx8, cmov, fxsr, ht, mmx, 3dnowpref, sse, sse2, sse3, ssse3, sse4a, sse4.1, sse4.2, popcnt, lzcnt, tsc, tscinvbit, avx, avx2, aes, clmul, bmi1, bmi2, adx, sha, fma, vzeroupper, clflush, clflushopt
Processor Information for all 8 processors :
  Max Mhz: 2300, Current Mhz: 2300, Mhz Limit: 2300

Memory: 4k page, system-wide physical 7616M (40M free)
TotalPageFile size 22616M (AvailPageFile size 6M)
current process WorkingSet (physical memory assigned to process): 213M, peak: 217M
current process commit charge ("private bytes"): 255M, peak: 282M

vm_info: OpenJDK 64-Bit Server VM (17.0.10+7-LTS) for windows-amd64 JRE (17.0.10+7-LTS), built on Jan 10 2024 19:47:12 by "MicrosoftCorporation" with MS VC++ 16.10 / 16.11 (VS2019)

END.
